[preview.uideck.com/items/core/index.html]
[backblue.gif]
[fade.gif]
[index.html]
[preview.uideck.com/items/core/assets/images/favicon.png]
[preview.uideck.com/items/core/assets/css/animate.css]
[preview.uideck.com/items/core/assets/css/slick.css]
[preview.uideck.com/items/core/assets/css/LineIcons.css]
[preview.uideck.com/items/core/assets/css/font-awesome.min.css]
[preview.uideck.com/items/core/assets/css/bootstrap.min.css]
[preview.uideck.com/items/core/assets/css/default.css]
[preview.uideck.com/items/core/assets/css/style.css]
[preview.uideck.com/items/core/index-2.html]
[preview.uideck.com/items/core/assets/images/logo.png]
[preview.uideck.com/items/core/assets/images/shape-1.svg]
[preview.uideck.com/items/core/assets/images/shape-2.svg]
[preview.uideck.com/items/core/assets/images/shape-3.svg]
[preview.uideck.com/items/core/assets/images/banner.svg]
[preview.uideck.com/items/core/assets/images/brand-1.png]
[preview.uideck.com/items/core/assets/images/brand-2.png]
[preview.uideck.com/items/core/assets/images/brand-3.png]
[preview.uideck.com/items/core/assets/images/brand-4.png]
[preview.uideck.com/items/core/assets/images/brand-5.png]
[preview.uideck.com/items/core/assets/images/about.svg]
[preview.uideck.com/items/core/assets/images/service-icon-1.svg]
[preview.uideck.com/items/core/assets/images/service-icon-2.svg]
[preview.uideck.com/items/core/assets/images/service-icon-3.svg]
[preview.uideck.com/items/core/assets/images/service-icon-4.svg]
[preview.uideck.com/items/core/assets/images/service-icon-5.svg]
[preview.uideck.com/items/core/assets/images/service-icon-6.svg]
[preview.uideck.com/items/core/assets/images/pricing-icon-1.svg]
[preview.uideck.com/items/core/assets/images/pricing-icon-2.svg]
[preview.uideck.com/items/core/assets/images/pricing-icon-3.svg]
[preview.uideck.com/items/core/assets/images/testimonial-shape-1.svg]
[preview.uideck.com/items/core/assets/images/author-2.jpg]
[preview.uideck.com/items/core/assets/images/author-3.jpg]
[preview.uideck.com/items/core/assets/images/author-4.jpg]
[preview.uideck.com/items/core/assets/images/author-5.jpg]
[preview.uideck.com/items/core/assets/images/author-6.jpg]
[preview.uideck.com/items/core/assets/images/quote.svg]
[preview.uideck.com/items/core/assets/images/author-1.jpg]
[preview.uideck.com/items/core/assets/images/blog-1.jpg]
[preview.uideck.com/items/core/assets/images/blog-2.jpg]
[preview.uideck.com/items/core/assets/images/blog-3.jpg]
[preview.uideck.com/items/core/assets/images/contact.svg]
[preview.uideck.com/items/core/assets/images/footer-shape-1.svg]
[preview.uideck.com/items/core/assets/images/logo.svg]
[preview.uideck.com/items/core/assets/images/footer-shape-2.svg]
[preview.uideck.com/cdn-cgi/scripts/5c5dd728/cloudflare-static/email-decode.min.js]
[preview.uideck.com/items/core/assets/js/vendor/jquery-1.12.4.min.js]
[preview.uideck.com/items/core/assets/js/vendor/modernizr-3.7.1.min.js]
[preview.uideck.com/items/core/assets/js/popper.min.js]
[preview.uideck.com/items/core/assets/js/bootstrap.min.js]
[preview.uideck.com/items/core/assets/js/slick.min.js]
[preview.uideck.com/items/core/assets/js/jquery.easing.min.js]
[preview.uideck.com/items/core/assets/js/scrolling-nav.js]
[preview.uideck.com/items/core/assets/js/ajax-contact.js]
[preview.uideck.com/items/core/assets/js/wow.min.js]
[preview.uideck.com/items/core/assets/js/main.js]
[preview.uideck.com/items/core/index.html]
[preview.uideck.com/items/core/index-2.html]
[ajax.cloudflare.com/cdn-cgi/scripts/7089c43e/cloudflare-static/rocket-loader.min.js]
[preview.uideck.com/items/core/assets/css/animate.css]
[preview.uideck.com/items/core/assets/images/brand-1.png]
[preview.uideck.com/items/core/assets/images/logo.png]
[preview.uideck.com/items/core/assets/css/slick.css]
[preview.uideck.com/items/core/assets/images/brand-2.png]
[preview.uideck.com/items/core/assets/images/brand-4.png]
[preview.uideck.com/items/core/assets/images/brand-5.png]
[preview.uideck.com/items/core/assets/images/brand-3.png]
[preview.uideck.com/items/core/assets/images/author-2.jpg]
[preview.uideck.com/items/core/assets/images/author-4.jpg]
[preview.uideck.com/items/core/assets/images/author-5.jpg]
[preview.uideck.com/items/core/assets/images/author-6.jpg]
[preview.uideck.com/items/core/assets/images/author-3.jpg]
[preview.uideck.com/items/core/assets/images/author-1.jpg]
[preview.uideck.com/items/core/assets/images/blog-1.jpg]
[preview.uideck.com/items/core/assets/images/blog-2.jpg]
[preview.uideck.com/items/core/assets/fonts/LineIcons5594.eot]
[preview.uideck.com/items/core/assets/js/vendor/jquery-1.12.4.min.js]
[preview.uideck.com/items/core/assets/images/blog-3.jpg]
[preview.uideck.com/cdn-cgi/scripts/5c5dd728/cloudflare-static/email-decode.min.js]
[preview.uideck.com/items/core/assets/fonts/LineIcons5594.ttf]
[preview.uideck.com/items/core/assets/js/vendor/modernizr-3.7.1.min.js]
[preview.uideck.com/items/core/assets/js/popper.min.js]
[preview.uideck.com/items/core/assets/js/bootstrap.min.js]
[preview.uideck.com/items/core/assets/js/slick.min.js]
[preview.uideck.com/items/core/assets/js/jquery.easing.min.js]
[preview.uideck.com/items/core/assets/fonts/LineIcons5594.woff]
[preview.uideck.com/items/core/assets/js/scrolling-nav.js]
[preview.uideck.com/items/core/assets/js/wow.min.js]
[preview.uideck.com/items/core/assets/js/ajax-contact.js]
[preview.uideck.com/items/core/assets/js/main.js]
[preview.uideck.com/items/core/assets/css/LineIcons.css]
[preview.uideck.com/items/core/assets/fonts/LineIcons5594.ttf]
[ajax.cloudflare.com/cdn-cgi/scripts/7089c43e/cloudflare-static/rocket-loader.min.js]
[preview.uideck.com/items/core/assets/fonts/LineIcons5594.svg]
[preview.uideck.com/items/core/assets/fonts/LineIcons5594.woff]
[preview.uideck.com/items/core/assets/fonts/LineIcons5594.eot]
[preview.uideck.com/items/core/assets/fonts/fontawesome-webfont3e6e.eot]
[preview.uideck.com/items/core/assets/fonts/fontawesome-webfontd41d.eot]
[preview.uideck.com/items/core/assets/fonts/fontawesome-webfont3e6e.woff2]
[preview.uideck.com/items/core/assets/fonts/fontawesome-webfont3e6e.woff]
[preview.uideck.com/items/core/assets/fonts/fontawesome-webfont3e6e.woff]
[preview.uideck.com/items/core/assets/fonts/fontawesome-webfont3e6e.ttf]
[preview.uideck.com/items/core/assets/css/font-awesome.min.css]
[preview.uideck.com/items/core/assets/css/bootstrap.min.css]
[preview.uideck.com/items/core/assets/css/default.css]
[preview.uideck.com/items/core/assets/fonts/fontawesome-webfont3e6e.svg]
[preview.uideck.com/items/core/assets/css/style.css]
[preview.uideck.com/items/core/assets/images/shape-1.svg]
[preview.uideck.com/items/core/assets/images/shape-2.svg]
[preview.uideck.com/items/core/assets/images/shape-3.svg]
[preview.uideck.com/items/core/assets/images/banner.svg]
[preview.uideck.com/items/core/assets/images/about.svg]
[preview.uideck.com/items/core/assets/images/service-icon-1.svg]
[preview.uideck.com/items/core/assets/images/service-icon-2.svg]
[preview.uideck.com/items/core/assets/images/service-icon-3.svg]
[preview.uideck.com/items/core/assets/images/service-icon-4.svg]
[preview.uideck.com/items/core/assets/images/service-icon-5.svg]
[preview.uideck.com/items/core/assets/images/service-icon-6.svg]
[preview.uideck.com/items/core/assets/images/pricing-icon-1.svg]
[preview.uideck.com/items/core/assets/images/pricing-icon-2.svg]
[preview.uideck.com/items/core/assets/images/pricing-icon-3.svg]
[preview.uideck.com/items/core/assets/images/testimonial-shape-1.svg]
[preview.uideck.com/items/core/assets/images/quote.svg]
[preview.uideck.com/items/core/assets/images/contact.svg]
[preview.uideck.com/items/core/assets/images/footer-shape-1.svg]
[preview.uideck.com/items/core/assets/images/logo.svg]
[preview.uideck.com/items/core/assets/images/footer-shape-2.svg]
[preview.uideck.com/items/core/assets/fonts/LineIcons5594.svg]
[preview.uideck.com/items/core/assets/fonts/fontawesome-webfont3e6e.svg]
[preview.uideck.com/items/core/assets/images/header-shape.svg]
[preview.uideck.com/items/core/assets/images/header-shape.svg]
